[d] Текст ошибки: Страница не найдена |
        Файл: D:\OSPanel\domains\ishop.loc\public\index.php | Строка: 6
----------------
[d] Текст ошибки: Страница не найдена |
        Файл: D:\OSPanel\domains\ishop.loc\public\index.php | Строка: 6
----------------
[d] Текст ошибки: Страница не найдена |
        Файл: D:\OSPanel\domains\ishop.loc\public\index.php | Строка: 6
----------------
[d] Текст ошибки: Страница не найдена |
        Файл: D:\OSPanel\domains\ishop.loc\public\index.php | Строка: 6
----------------
[d] Текст ошибки: Страница не найдена |
        Файл: D:\OSPanel\domains\ishop.loc\public\index.php | Строка: 6
----------------
[d] Текст ошибки: Страница не найдена |
        Файл: D:\OSPanel\domains\ishop.loc\public\index.php | Строка: 6
----------------
[d] Текст ошибки: Страница не найдена |
        Файл: D:\OSPanel\domains\ishop.loc\public\index.php | Строка: 6
----------------
[d] Текст ошибки: Страница не найдена |
        Файл: D:\OSPanel\domains\ishop.loc\public\index.php | Строка: 6
----------------
[d] Текст ошибки: Страница не найдена |
        Файл: D:\OSPanel\domains\ishop.loc\public\index.php | Строка: 6
----------------
[d] Текст ошибки: Страница не найдена |
        Файл: D:\OSPanel\domains\ishop.loc\public\index.php | Строка: 6
----------------
[d] Текст ошибки: Страница не найдена |
        Файл: D:\OSPanel\domains\ishop.loc\public\index.php | Строка: 6
----------------
[d] Текст ошибки: Страница не найдена |
        Файл: D:\OSPanel\domains\ishop.loc\public\index.php | Строка: 6
----------------
[d] Текст ошибки: Страница не найдена |
        Файл: D:\OSPanel\domains\ishop.loc\public\index.php | Строка: 6
----------------
[d] Текст ошибки: Страница не найдена |
        Файл: D:\OSPanel\domains\ishop.loc\public\index.php | Строка: 6
----------------
[d] Текст ошибки: Страница не найдена |
        Файл: D:\OSPanel\domains\ishop.loc\public\index.php | Строка: 6
----------------
[d] Текст ошибки: Страница не найдена |
        Файл: D:\OSPanel\domains\ishop.loc\public\index.php | Строка: 6
----------------
[d] Текст ошибки: Страница не найдена |
        Файл: D:\OSPanel\domains\ishop.loc\public\index.php | Строка: 6
----------------
[d] Текст ошибки: Страница не найдена |
        Файл: D:\OSPanel\domains\ishop.loc\public\index.php | Строка: 6
----------------
[d] Текст ошибки: Страница не найдена |
        Файл: D:\OSPanel\domains\ishop.loc\public\index.php | Строка: 6
----------------
[d] Текст ошибки: Страница не найдена |
        Файл: D:\OSPanel\domains\ishop.loc\public\index.php | Строка: 6
----------------
[d] Текст ошибки: Страница не найдена |
        Файл: D:\OSPanel\domains\ishop.loc\public\index.php | Строка: 6
----------------
[d] Текст ошибки: Страница не найдена |
        Файл: D:\OSPanel\domains\ishop.loc\public\index.php | Строка: 6
----------------
[d] Текст ошибки: Страница не найдена |
        Файл: D:\OSPanel\domains\ishop.loc\public\index.php | Строка: 6
----------------
[d] Текст ошибки: Страница не найдена |
        Файл: D:\OSPanel\domains\ishop.loc\public\index.php | Строка: 6
----------------
[d] Текст ошибки: Страница не найдена |
        Файл: D:\OSPanel\domains\ishop.loc\public\index.php | Строка: 6
----------------
[d] Текст ошибки: Страница не найдена |
        Файл: D:\OSPanel\domains\ishop.loc\public\index.php | Строка: 6
----------------
[d] Текст ошибки: Страница не найдена |
        Файл: D:\OSPanel\domains\ishop.loc\public\index.php | Строка: 6
----------------
[d] Текст ошибки: Страница не найдена |
        Файл: D:\OSPanel\domains\ishop.loc\public\index.php | Строка: 6
----------------
[d] Текст ошибки: Страница не найдена |
        Файл: D:\OSPanel\domains\ishop.loc\public\index.php | Строка: 6
----------------
[d] Текст ошибки: Страница не найдена |
        Файл: D:\OSPanel\domains\ishop.loc\public\index.php | Строка: 6
----------------
[d] Текст ошибки: Страница не найдена |
        Файл: D:\OSPanel\domains\ishop.loc\public\index.php | Строка: 6
----------------
[d] Текст ошибки: Страница не найдена |
        Файл: D:\OSPanel\domains\ishop.loc\public\index.php | Строка: 6
----------------
[2020-08-15 11:37:38] Текст ошибки: Страница не найдена |
        Файл: D:\OSPanel\domains\ishop.loc\public\index.php | Строка: 6
----------------
[2020-08-15 11:37:38] Текст ошибки: Страница не найдена |
        Файл: D:\OSPanel\domains\ishop.loc\public\index.php | Строка: 6
----------------
[2020-08-15 11:46:11] Текст ошибки: Страница не найдена |
        Файл: D:\OSPanel\domains\ishop.loc\public\index.php | Строка: 6
----------------
[2020-08-15 11:46:11] Текст ошибки: Страница не найдена |
        Файл: D:\OSPanel\domains\ishop.loc\public\index.php | Строка: 6
----------------
[2020-08-15 12:00:18] Текст ошибки: Страница не найдена |
        Файл: D:\OSPanel\domains\ishop.loc\public\index.php | Строка: 6
----------------
[2020-08-15 12:00:18] Текст ошибки: Страница не найдена |
        Файл: D:\OSPanel\domains\ishop.loc\public\index.php | Строка: 6
----------------
[2020-08-15 12:00:20] Текст ошибки: Страница не найдена |
        Файл: D:\OSPanel\domains\ishop.loc\public\index.php | Строка: 6
----------------
[2020-08-15 12:00:20] Текст ошибки: Страница не найдена |
        Файл: D:\OSPanel\domains\ishop.loc\public\index.php | Строка: 6
----------------
[2020-08-15 12:00:47] Текст ошибки: Страница не найдена |
        Файл: D:\OSPanel\domains\ishop.loc\public\index.php | Строка: 6
----------------
[2020-08-15 12:00:47] Текст ошибки: Страница не найдена |
        Файл: D:\OSPanel\domains\ishop.loc\public\index.php | Строка: 6
----------------
[2020-08-15 12:00:48] Текст ошибки: Страница не найдена |
        Файл: D:\OSPanel\domains\ishop.loc\public\index.php | Строка: 6
----------------
[2020-08-15 12:00:48] Текст ошибки: Страница не найдена |
        Файл: D:\OSPanel\domains\ishop.loc\public\index.php | Строка: 6
----------------
[2020-08-15 12:00:49] Текст ошибки: Страница не найдена |
        Файл: D:\OSPanel\domains\ishop.loc\public\index.php | Строка: 6
----------------
[2020-08-15 12:00:49] Текст ошибки: Страница не найдена |
        Файл: D:\OSPanel\domains\ishop.loc\public\index.php | Строка: 6
----------------
[2020-08-15 12:00:49] Текст ошибки: Страница не найдена |
        Файл: D:\OSPanel\domains\ishop.loc\public\index.php | Строка: 6
----------------
[2020-08-15 12:00:49] Текст ошибки: Страница не найдена |
        Файл: D:\OSPanel\domains\ishop.loc\public\index.php | Строка: 6
----------------
[2020-08-15 12:00:49] Текст ошибки: Страница не найдена |
        Файл: D:\OSPanel\domains\ishop.loc\public\index.php | Строка: 6
----------------
[2020-08-15 12:00:49] Текст ошибки: Страница не найдена |
        Файл: D:\OSPanel\domains\ishop.loc\public\index.php | Строка: 6
----------------
[2020-08-15 12:00:49] Текст ошибки: Страница не найдена |
        Файл: D:\OSPanel\domains\ishop.loc\public\index.php | Строка: 6
----------------
[2020-08-15 12:00:50] Текст ошибки: Страница не найдена |
        Файл: D:\OSPanel\domains\ishop.loc\public\index.php | Строка: 6
----------------
[2020-08-15 12:02:27] Текст ошибки: Страница не найдена |
        Файл: D:\OSPanel\domains\ishop.loc\public\index.php | Строка: 6
----------------
[2020-08-15 12:02:27] Текст ошибки: Страница не найдена |
        Файл: D:\OSPanel\domains\ishop.loc\public\index.php | Строка: 6
----------------
[2020-08-15 12:02:28] Текст ошибки: Страница не найдена |
        Файл: D:\OSPanel\domains\ishop.loc\public\index.php | Строка: 6
----------------
[2020-08-15 12:02:28] Текст ошибки: Страница не найдена |
        Файл: D:\OSPanel\domains\ishop.loc\public\index.php | Строка: 6
----------------
[2020-08-15 12:03:00] Текст ошибки: Страница не найдена!!! |
        Файл: D:\OSPanel\domains\ishop.loc\public\index.php | Строка: 6
----------------
[2020-08-15 12:03:00] Текст ошибки: Страница не найдена!!! |
        Файл: D:\OSPanel\domains\ishop.loc\public\index.php | Строка: 6
----------------
[2020-08-15 12:03:01] Текст ошибки: Страница не найдена!!! |
        Файл: D:\OSPanel\domains\ishop.loc\public\index.php | Строка: 6
----------------
[2020-08-15 12:03:01] Текст ошибки: Страница не найдена!!! |
        Файл: D:\OSPanel\domains\ishop.loc\public\index.php | Строка: 6
----------------
[2020-08-15 12:03:01] Текст ошибки: Страница не найдена!!! |
        Файл: D:\OSPanel\domains\ishop.loc\public\index.php | Строка: 6
----------------
[2020-08-15 12:03:01] Текст ошибки: Страница не найдена!!! |
        Файл: D:\OSPanel\domains\ishop.loc\public\index.php | Строка: 6
----------------
[2020-08-15 12:03:36] Текст ошибки: Страница не найдена!!! |
        Файл: D:\OSPanel\domains\ishop.loc\public\index.php | Строка: 6
----------------
[2020-08-15 12:03:36] Текст ошибки: Страница не найдена!!! |
        Файл: D:\OSPanel\domains\ishop.loc\public\index.php | Строка: 6
----------------
[2020-08-15 12:07:36] Текст ошибки: Страница не найдена!!! |
        Файл: D:\OSPanel\domains\ishop.loc\public\index.php | Строка: 6
----------------
[2020-08-15 12:07:37] Текст ошибки: Страница не найдена!!! |
        Файл: D:\OSPanel\domains\ishop.loc\public\index.php | Строка: 6
----------------
[2020-08-15 12:07:38] Текст ошибки: Страница не найдена!!! |
        Файл: D:\OSPanel\domains\ishop.loc\public\index.php | Строка: 6
----------------
[2020-08-15 12:07:38] Текст ошибки: Страница не найдена!!! |
        Файл: D:\OSPanel\domains\ishop.loc\public\index.php | Строка: 6
----------------
[2020-08-15 12:10:15] Текст ошибки: Страница не найдена!!! |
        Файл: D:\OSPanel\domains\ishop.loc\public\index.php | Строка: 6
----------------
[2020-08-15 12:10:15] Текст ошибки: Страница не найдена!!! |
        Файл: D:\OSPanel\domains\ishop.loc\public\index.php | Строка: 6
----------------
[2020-08-15 12:10:15] Текст ошибки: Страница не найдена!!! |
        Файл: D:\OSPanel\domains\ishop.loc\public\index.php | Строка: 6
----------------
[2020-08-15 12:12:03] Текст ошибки: Страница не найдена!!! |
        Файл: D:\OSPanel\domains\ishop.loc\public\index.php | Строка: 6
----------------
[2020-08-15 12:12:03] Текст ошибки: Страница не найдена!!! |
        Файл: D:\OSPanel\domains\ishop.loc\public\index.php | Строка: 6
----------------
[2020-08-15 12:12:04] Текст ошибки: Страница не найдена!!! |
        Файл: D:\OSPanel\domains\ishop.loc\public\index.php | Строка: 6
----------------
[2020-08-15 12:12:04] Текст ошибки: Страница не найдена!!! |
        Файл: D:\OSPanel\domains\ishop.loc\public\index.php | Строка: 6
----------------
[2020-08-15 12:12:21] Текст ошибки: Страница не найдена!!! |
        Файл: D:\OSPanel\domains\ishop.loc\public\index.php | Строка: 6
----------------
[2020-08-15 12:12:22] Текст ошибки: Страница не найдена!!! |
        Файл: D:\OSPanel\domains\ishop.loc\public\index.php | Строка: 6
----------------
[2020-08-15 12:19:17] Текст ошибки: Страница не найдена!!! |
        Файл: D:\OSPanel\domains\ishop.loc\public\index.php | Строка: 6
----------------
[2020-08-15 12:20:50] Текст ошибки: Страница не найдена!!! |
        Файл: D:\OSPanel\domains\ishop.loc\public\index.php | Строка: 6
----------------
[2020-08-15 12:20:53] Текст ошибки: Страница не найдена!!! |
        Файл: D:\OSPanel\domains\ishop.loc\public\index.php | Строка: 6
----------------
[2020-08-15 12:23:13] Текст ошибки: Страница не найдена!!! |
        Файл: D:\OSPanel\domains\ishop.loc\public\index.php | Строка: 6
----------------
[2020-08-15 12:24:12] Текст ошибки: Страница не найдена!!! |
        Файл: D:\OSPanel\domains\ishop.loc\public\index.php | Строка: 6
----------------
[2020-08-15 12:24:12] Текст ошибки: Страница не найдена!!! |
        Файл: D:\OSPanel\domains\ishop.loc\public\index.php | Строка: 6
----------------
[2020-08-15 12:32:40] Текст ошибки: Страница не найдена!!! |
        Файл: D:\OSPanel\domains\ishop.loc\public\index.php | Строка: 6
----------------
[2020-08-15 12:33:08] Текст ошибки: Страница не найдена!!! |
        Файл: D:\OSPanel\domains\ishop.loc\public\index.php | Строка: 6
----------------
[2020-08-18 09:49:13] Текст ошибки: Страница не найдена!!! |
        Файл: D:\OSPanel\domains\ishop.loc\public\index.php | Строка: 6
----------------
[2020-08-18 09:49:14] Текст ошибки: Страница не найдена!!! |
        Файл: D:\OSPanel\domains\ishop.loc\public\index.php | Строка: 6
----------------
[2020-08-18 09:49:15] Текст ошибки: Страница не найдена!!! |
        Файл: D:\OSPanel\domains\ishop.loc\public\index.php | Строка: 6
----------------
[2020-08-18 11:37:50] Текст ошибки: Страница не найдена |
        Файл: D:\OSPanel\domains\ishop.loc\vendor\ishop\core\Router.php | Строка: 27
----------------
[2020-08-18 11:37:51] Текст ошибки: Страница не найдена |
        Файл: D:\OSPanel\domains\ishop.loc\vendor\ishop\core\Router.php | Строка: 27
----------------
[2020-08-18 11:38:04] Текст ошибки: Class 'ishop\Exception' not found |
        Файл: D:\OSPanel\domains\ishop.loc\vendor\ishop\core\Router.php | Строка: 27
----------------
[2020-08-18 11:39:00] Текст ошибки: Страница не найдена |
        Файл: D:\OSPanel\domains\ishop.loc\vendor\ishop\core\Router.php | Строка: 27
----------------
[2020-08-18 11:39:00] Текст ошибки: Страница не найдена |
        Файл: D:\OSPanel\domains\ishop.loc\vendor\ishop\core\Router.php | Строка: 27
----------------
[2020-08-18 11:39:10] Текст ошибки: Страница не найдена |
        Файл: D:\OSPanel\domains\ishop.loc\vendor\ishop\core\Router.php | Строка: 27
----------------
[2020-08-18 12:11:11] Текст ошибки: Class 'ishop\Exception' not found |
        Файл: D:\OSPanel\domains\ishop.loc\vendor\ishop\core\Router.php | Строка: 30
----------------
[2020-08-18 12:11:29] Текст ошибки: Контроллер \app\controllers\PageNewController не найден |
        Файл: D:\OSPanel\domains\ishop.loc\vendor\ishop\core\Router.php | Строка: 30
----------------
[2020-08-18 12:25:38] Текст ошибки: Контроллер \app\controllers\PageController не найден |
        Файл: D:\OSPanel\domains\ishop.loc\vendor\ishop\core\Router.php | Строка: 36
----------------
[2020-08-18 12:27:53] Текст ошибки: Контроллер \app\controllers\MainController::indexAction не найден |
        Файл: D:\OSPanel\domains\ishop.loc\vendor\ishop\core\Router.php | Строка: 33
----------------
[2020-08-18 14:18:42] Текст ошибки: Контроллер \app\controllers\PageController::indexAction не найден |
        Файл: D:\OSPanel\domains\ishop.loc\vendor\ishop\core\Router.php | Строка: 33
----------------
[2020-08-19 14:49:07] Текст ошибки: Страница не найдена |
        Файл: D:\OSPanel\domains\ishop.loc\vendor\ishop\core\Router.php | Строка: 40
----------------
[2020-08-19 15:00:04] Текст ошибки: Class 'app\controllers\App' not found |
        Файл: D:\OSPanel\domains\ishop.loc\app\controllers\MainController.php | Строка: 7
----------------
[2020-08-19 15:01:36] Текст ошибки: Class 'app\controllers\App' not found |
        Файл: D:\OSPanel\domains\ishop.loc\app\controllers\MainController.php | Строка: 7
----------------
[2020-08-19 15:01:37] Текст ошибки: Class 'app\controllers\App' not found |
        Файл: D:\OSPanel\domains\ishop.loc\app\controllers\MainController.php | Строка: 7
----------------
[2020-08-19 15:01:38] Текст ошибки: Class 'app\controllers\App' not found |
        Файл: D:\OSPanel\domains\ishop.loc\app\controllers\MainController.php | Строка: 7
----------------
[2020-08-20 12:31:18] Текст ошибки: Страница не найдена |
        Файл: D:\OSPanel\domains\ishop.loc\vendor\ishop\core\Router.php | Строка: 40
----------------
[2020-09-07 20:54:44] Текст ошибки: Страница не найдена |
        Файл: D:\OSPanel\domains\ishop.loc\vendor\ishop\core\Router.php | Строка: 40
----------------
[2020-09-11 12:14:00] Текст ошибки: Страница не найдена |
        Файл: D:\OSPanel\domains\ishop.loc\vendor\ishop\core\Router.php | Строка: 40
----------------
[2020-09-11 20:04:25] Текст ошибки: Страница не найдена |
        Файл: D:\OSPanel\domains\ishop.loc\vendor\ishop\core\Router.php | Строка: 40
----------------
[2020-09-12 22:49:10] Текст ошибки: Страница не найдена |
        Файл: D:\OSPanel\domains\ishop.loc\vendor\ishop\core\Router.php | Строка: 40
----------------
[2020-09-13 10:54:48] Текст ошибки: Страница не найдена |
        Файл: D:\OSPanel\domains\ishop.loc\vendor\ishop\core\Router.php | Строка: 40
----------------
[2020-09-14 15:47:27] Текст ошибки: Страница не найдена |
        Файл: D:\OSPanel\domains\ishop.loc\vendor\ishop\core\Router.php | Строка: 40
----------------
[2020-10-15 16:31:00] Текст ошибки: Страница не найдена |
        Файл: D:\OSPanel\domains\ishop.loc\vendor\ishop\core\Router.php | Строка: 40
----------------
[2020-10-16 14:17:03] Текст ошибки: Страница не найдена |
        Файл: D:\OSPanel\domains\ishop.loc\vendor\ishop\core\Router.php | Строка: 40
----------------
[2020-10-22 18:02:07] Текст ошибки: Страница не найдена |
        Файл: D:\OSPanel\domains\ishop.loc\vendor\ishop\core\Router.php | Строка: 40
----------------
[2020-10-24 16:06:32] Текст ошибки: Страница не найдена |
        Файл: D:\OSPanel\domains\ishop.loc\vendor\ishop\core\Router.php | Строка: 40
----------------
[2020-10-28 16:10:21] Текст ошибки: Страница не найдена |
        Файл: D:\OSPanel\domains\ishop.loc\vendor\ishop\core\Router.php | Строка: 40
----------------
